diff --git toolchain/logs/gcc/kepler.SCHWINGE/log_test_ toolchain/logs/gcc/laplace.SCHWINGE/log_test_
index a211d0d..7cbedd7 100644
--- toolchain/logs/gcc/kepler.SCHWINGE/log_test_
+++ toolchain/logs/gcc/laplace.SCHWINGE/log_test_
@@ -108,8 +108,8 @@ Fixed:  tinfo.h
 Fixed:  types/vxTypesBase.h
 Fixed:  unistd.h
 math.h [...]/hurd/master/fixincludes/tests/base/math.h differ: char 1529, line 76
-*** math.h	Mon Nov  2 02:09:15 2015
---- [...]/hurd/master/fixincludes/tests/base/math.h	Wed Dec 12 10:11:49 2012
+*** math.h	Wed Nov  4 05:41:36 2015
+--- [...]/hurd/master/fixincludes/tests/base/math.h	Mon Dec 10 23:37:58 2012
 ***************
 *** 73,78 ****
 --- 73,79 ----
@@ -121,8 +121,8 @@ math.h [...]/hurd/master/fixincludes/tests/base/math.h differ: char 1529, line 7
   #endif  /* MATH_HUGE_VAL_FROM_DBL_MAX_CHECK */
   
 reg_types.h [...]/hurd/master/fixincludes/tests/base/reg_types.h differ: char 266, line 12
-*** reg_types.h	Mon Nov  2 02:09:15 2015
---- [...]/hurd/master/fixincludes/tests/base/reg_types.h	Thu Nov  4 13:33:41 2010
+*** reg_types.h	Wed Nov  4 05:41:36 2015
+--- [...]/hurd/master/fixincludes/tests/base/reg_types.h	Sun May 27 02:29:29 2012
 ***************
 *** 9,15 ****
   
@@ -142,8 +142,8 @@ reg_types.h [...]/hurd/master/fixincludes/tests/base/reg_types.h differ: char 26
   } __regex_t;
   extern __regex_t    re;
 sys/stat.h [...]/hurd/master/fixincludes/tests/base/sys/stat.h differ: char 881, line 38
-*** sys/stat.h	Mon Nov  2 02:09:16 2015
---- [...]/hurd/master/fixincludes/tests/base/sys/stat.h	Wed Dec 12 10:11:49 2012
+*** sys/stat.h	Wed Nov  4 05:41:37 2015
+--- [...]/hurd/master/fixincludes/tests/base/sys/stat.h	Mon Dec 10 23:37:58 2012
 ***************
 *** 35,41 ****
   #endif  /* VXWORKS_MKDIR_MACRO_CHECK */
@@ -163,8 +163,8 @@ sys/stat.h [...]/hurd/master/fixincludes/tests/base/sys/stat.h differ: char 881,
   #include <types/vxTypesOld.h>
   #endif  /* VXWORKS_NEEDS_VXWORKS_CHECK */
 time.h [...]/hurd/master/fixincludes/tests/base/time.h differ: char 375, line 17
-*** time.h	Mon Nov  2 02:09:16 2015
---- [...]/hurd/master/fixincludes/tests/base/time.h	Thu Nov  4 13:33:41 2010
+*** time.h	Wed Nov  4 05:41:37 2015
+--- [...]/hurd/master/fixincludes/tests/base/time.h	Sun May 27 02:29:29 2012
 ***************
 *** 14,20 ****
   #endif  /* VXWORKS_NEEDS_VXTYPES_CHECK */
@@ -188,14 +188,14 @@ There were fixinclude test FAILURES
 Makefile:176: recipe for target 'check' failed
 make: *** [check] Error 1
 make: Leaving directory '[...]/hurd/master.build/fixincludes'
-Makefile:3601: recipe for target 'check-fixincludes' failed
+Makefile:3596: recipe for target 'check-fixincludes' failed
 make: *** [check-fixincludes] Error 2
 make: Entering directory '[...]/hurd/master.build/gcc'
-Test Run By thomas on Mon Nov  2 02:09:20 CET 2015
+Test Run By thomas on Wed Nov  4 05:41:40 CET 2015
 		=== acats configuration ===
 target gcc is [...]/hurd/master.build/gcc/xgcc -B[...]/hurd/master.build/gcc/
 Reading specs from [...]/hurd/master.build/gcc/specs COLLECT_GCC=[...]/hurd/master.build/gcc/xgcc COLLECT_LTO_WRAPPER=[...]/hurd/master.build/gcc/lto-wrapper Target: [ARCH] Configured with: ../master/configure --prefix=[...]/hurd/master.build.install SHELL=/bin/dash CC=gcc-4.9 CXX=g++-4.9 --enable-languages=all,ada Thread model: posix gcc version 5.0.0 20150119 (experimental) (GCC)
-host=i586-linux-gnu
+host=i586-gnu
 target=[ARCH]
 gnatmake is [...]/hurd/master.build/gcc/gnatmake
 
@@ -206,15 +206,24 @@ Compiling support files... done.
 		=== acats tests ===
 Running chapter a ...
 Running chapter c2 ...
+FAIL:	c23003b
+FAIL:	c23003g
+FAIL:	c23003i
 Running chapter c3 ...
 Running chapter c4 ...
 Running chapter c5 ...
+FAIL:	c52103x
+FAIL:	c52104x
+FAIL:	c52104y
 Running chapter c6 ...
 Running chapter c7 ...
 Running chapter c8 ...
 Running chapter c9 ...
 Running chapter ca ...
 Running chapter cb ...
+FAIL:	cb1010a
+FAIL:	cb1010c
+FAIL:	cb1010d
 Running chapter cc ...
 Running chapter cd ...
 Running chapter ce ...
@@ -228,9 +237,10 @@ Running chapter d ...
 Running chapter e ...
 Running chapter l ...
 		=== acats Summary ===
-# of expected passes		2320
-# of unexpected failures	0
-[...]/hurd/master/gcc/testsuite/ada/acats/run_all.sh completed at Mon Nov  2 02:48:42 CET 2015
+# of expected passes		2311
+# of unexpected failures	9
+*** FAILURES: c23003b c23003g c23003i c52103x c52104x c52104y cb1010a cb1010c cb1010d 
+[...]/hurd/master/gcc/testsuite/ada/acats/run_all.sh completed at Wed Nov  4 06:41:30 CET 2015
 Making a new config file...
 echo "set tmpdir [...]/hurd/master.build/gcc/testsuite" >> ./site.tmp
 test -d plugin || mkdir plugin
@@ -248,7 +258,7 @@ if [ -f ${rootme}/../expect/expect ] ; then  \
    TCL_LIBRARY=`cd .. ; cd ${srcdir}/../tcl/library ; ${PWDCMD-pwd}` ; \
     export TCL_LIBRARY ; fi ; \
 runtest --tool gnat )
-Test Run By thomas on Mon Nov  2 02:48:42 2015
+Test Run By thomas on Wed Nov  4 06:41:31 2015
 Native configuration is [ARCH]
 
 		=== gnat tests ===
@@ -263,12 +273,17 @@ Using [...]/hurd/master/gcc/testsuite/config/default.exp as tool-and-target-spec
 Running [...]/hurd/master/gcc/testsuite/gnat.dg/dg.exp ...
 FAIL: gnat.dg/lto8.adb (internal compiler error)
 FAIL: gnat.dg/lto8.adb (test for excess errors)
+FAIL: gnat.dg/null_pointer_deref1.adb execution test
+FAIL: gnat.dg/null_pointer_deref2.adb execution test
+FAIL: gnat.dg/null_pointer_deref3.adb execution test
+FAIL: gnat.dg/stack_check1.adb execution test
+FAIL: gnat.dg/stack_check2.adb execution test
 Running [...]/hurd/master/gcc/testsuite/gnat.dg/specs/specs.exp ...
 
 		=== gnat Summary ===
 
-# of expected passes		1325
-# of unexpected failures	2
+# of expected passes		1320
+# of unexpected failures	7
 # of expected failures		20
 # of unresolved testcases	1
 # of unsupported tests		3
@@ -300,7 +315,7 @@ else \
     touch ${rootme}/testsuite/gcc-parallel/finished; \
   fi ; \
 fi )
-Test Run By thomas on Mon Nov  2 02:53:51 2015
+Test Run By thomas on Wed Nov  4 06:47:34 2015
 Native configuration is [ARCH]
 
 		=== gcc tests ===
@@ -313,6 +328,10 @@ Using /usr/share/dejagnu/baseboards/unix.exp as board description file for targe
 Using /usr/share/dejagnu/config/unix.exp as generic interface file for target.
 Using [...]/hurd/master/gcc/testsuite/config/default.exp as tool-and-target-specific interface file.
 Running [...]/hurd/master/gcc/testsuite/gcc.c-torture/compile/compile.exp ...
+FAIL: gcc.c-torture/compile/limits-fndefn.c   -O2 -flto -fno-use-linker-plugin -flto-partition=none  (internal compiler error)
+FAIL: gcc.c-torture/compile/limits-fndefn.c   -O2 -flto -fno-use-linker-plugin -flto-partition=none  (test for excess errors)
+FAIL: gcc.c-torture/compile/limits-fndefn.c   -O2 -flto -fuse-linker-plugin -fno-fat-lto-objects  (internal compiler error)
+FAIL: gcc.c-torture/compile/limits-fndefn.c   -O2 -flto -fuse-linker-plugin -fno-fat-lto-objects  (test for excess errors)
 Running [...]/hurd/master/gcc/testsuite/gcc.c-torture/execute/builtins/builtins.exp ...
 Running [...]/hurd/master/gcc/testsuite/gcc.c-torture/execute/execute.exp ...
 Running [...]/hurd/master/gcc/testsuite/gcc.c-torture/execute/ieee/ieee.exp ...
@@ -331,6 +350,10 @@ Running [...]/hurd/master/gcc/testsuite/gcc.dg/debug/debug.exp ...
 Running [...]/hurd/master/gcc/testsuite/gcc.dg/debug/dwarf2/dwarf2.exp ...
 Running [...]/hurd/master/gcc/testsuite/gcc.dg/dfp/dfp.exp ...
 Running [...]/hurd/master/gcc/testsuite/gcc.dg/dg.exp ...
+FAIL: gcc.dg/cleanup-10.c execution test
+FAIL: gcc.dg/cleanup-11.c execution test
+FAIL: gcc.dg/cleanup-8.c execution test
+FAIL: gcc.dg/cleanup-9.c execution test
 FAIL: gcc.dg/pr45352-1.c (test for excess errors)
 FAIL: gcc.dg/pr63914.c (test for excess errors)
 Running [...]/hurd/master/gcc/testsuite/gcc.dg/fixed-point/fixed-point.exp ...
@@ -341,99 +364,31 @@ Running [...]/hurd/master/gcc/testsuite/gcc.dg/gomp/gomp.exp ...
 Running [...]/hurd/master/gcc/testsuite/gcc.dg/graphite/graphite.exp ...
 FAIL: gcc.dg/graphite/vect-pr43423.c scan-tree-dump-times vect "vectorized 2 loops" 1
 Running [...]/hurd/master/gcc/testsuite/gcc.dg/guality/guality.exp ...
-XPASS: gcc.dg/guality/example.c   -O0  execution test
-XPASS: gcc.dg/guality/example.c   -O1  execution test
-XPASS: gcc.dg/guality/guality.c   -O0  execution test
-XPASS: gcc.dg/guality/guality.c   -O1  execution test
-XPASS: gcc.dg/guality/guality.c   -O2  execution test
-XPASS: gcc.dg/guality/guality.c   -O3 -fomit-frame-pointer  execution test
-XPASS: gcc.dg/guality/guality.c   -O3 -g  execution test
-XPASS: gcc.dg/guality/guality.c   -Os  execution test
-XPASS: gcc.dg/guality/guality.c   -O2 -flto -fno-use-linker-plugin -flto-partition=none  execution test
-XPASS: gcc.dg/guality/guality.c   -O2 -flto -fuse-linker-plugin -fno-fat-lto-objects  execution test
-XPASS: gcc.dg/guality/inline-params.c   -O2  execution test
-XPASS: gcc.dg/guality/inline-params.c   -O3 -fomit-frame-pointer  execution test
-XPASS: gcc.dg/guality/inline-params.c   -O3 -g  execution test
-XPASS: gcc.dg/guality/inline-params.c   -Os  execution test
-XPASS: gcc.dg/guality/inline-params.c   -O2 -flto -fno-use-linker-plugin -flto-partition=none  execution test
-XPASS: gcc.dg/guality/pr41353-1.c   -O0  line 28 j == 28 + 37
-XPASS: gcc.dg/guality/pr41353-1.c   -Os  line 28 j == 28 + 37
-XPASS: gcc.dg/guality/pr41447-1.c   -O0  execution test
-XPASS: gcc.dg/guality/pr41447-1.c   -O1  execution test
-XPASS: gcc.dg/guality/pr41447-1.c   -Os  execution test
-XPASS: gcc.dg/guality/pr41447-1.c   -O2 -flto -fuse-linker-plugin -fno-fat-lto-objects  execution test
-XPASS: gcc.dg/guality/pr41616-1.c   -O0  execution test
-XPASS: gcc.dg/guality/pr41616-1.c   -O1  execution test
-XPASS: gcc.dg/guality/pr41616-1.c   -O2  execution test
-XPASS: gcc.dg/guality/pr41616-1.c   -O3 -fomit-frame-pointer  execution test
-XPASS: gcc.dg/guality/pr41616-1.c   -O3 -g  execution test
-XPASS: gcc.dg/guality/pr41616-1.c   -Os  execution test
-XPASS: gcc.dg/guality/pr41616-1.c   -O2 -flto -fno-use-linker-plugin -flto-partition=none  execution test
-FAIL: gcc.dg/guality/pr43479.c   -O1  line 13 h == 9
-FAIL: gcc.dg/guality/pr43479.c   -O1  line 18 h == 9
-FAIL: gcc.dg/guality/pr43479.c   -O2  line 13 h == 9
-FAIL: gcc.dg/guality/pr43479.c   -O2  line 18 h == 9
-FAIL: gcc.dg/guality/pr43479.c   -O3 -fomit-frame-pointer  line 13 h == 9
-FAIL: gcc.dg/guality/pr43479.c   -O3 -fomit-frame-pointer  line 18 h == 9
-FAIL: gcc.dg/guality/pr43479.c   -O3 -g  line 13 h == 9
-FAIL: gcc.dg/guality/pr43479.c   -O3 -g  line 18 h == 9
-FAIL: gcc.dg/guality/pr43479.c   -Os  line 13 h == 9
-FAIL: gcc.dg/guality/pr43479.c   -Os  line 18 h == 9
-FAIL: gcc.dg/guality/pr43479.c   -O2 -flto -fno-use-linker-plugin -flto-partition=none  line 13 h == 9
-FAIL: gcc.dg/guality/pr43479.c   -O2 -flto -fno-use-linker-plugin -flto-partition=none  line 18 h == 9
-FAIL: gcc.dg/guality/pr43479.c   -O2 -flto -fuse-linker-plugin -fno-fat-lto-objects  line 13 h == 9
-FAIL: gcc.dg/guality/pr43479.c   -O2 -flto -fuse-linker-plugin -fno-fat-lto-objects  line 18 h == 9
-FAIL: gcc.dg/guality/pr45882.c   -O2 -flto -fuse-linker-plugin -fno-fat-lto-objects  line 16 d == 112
-FAIL: gcc.dg/guality/pr45882.c   -O2 -flto -fuse-linker-plugin -fno-fat-lto-objects  line 16 e == 142
-FAIL: gcc.dg/guality/pr54200.c   -O2 -flto -fuse-linker-plugin -fno-fat-lto-objects  line 20 z == 3
-FAIL: gcc.dg/guality/pr54519-1.c   -O2 -flto -fno-use-linker-plugin -flto-partition=none  line 20 y == 25
-FAIL: gcc.dg/guality/pr54519-1.c   -O2 -flto -fno-use-linker-plugin -flto-partition=none  line 20 z == 6
-FAIL: gcc.dg/guality/pr54519-1.c   -O2 -flto -fno-use-linker-plugin -flto-partition=none  line 23 y == 117
-FAIL: gcc.dg/guality/pr54519-1.c   -O2 -flto -fno-use-linker-plugin -flto-partition=none  line 23 z == 8
-FAIL: gcc.dg/guality/pr54519-2.c   -O2 -flto -fno-use-linker-plugin -flto-partition=none  line 17 y == 25
-FAIL: gcc.dg/guality/pr54519-2.c   -O2 -flto -fuse-linker-plugin -fno-fat-lto-objects  line 17 y == 25
-FAIL: gcc.dg/guality/pr54519-3.c   -O2 -flto -fno-use-linker-plugin -flto-partition=none  line 20 y == 25
-FAIL: gcc.dg/guality/pr54519-3.c   -O2 -flto -fno-use-linker-plugin -flto-partition=none  line 20 z == 6
-FAIL: gcc.dg/guality/pr54519-3.c   -O2 -flto -fno-use-linker-plugin -flto-partition=none  line 23 y == 117
-FAIL: gcc.dg/guality/pr54519-3.c   -O2 -flto -fno-use-linker-plugin -flto-partition=none  line 23 z == 8
-FAIL: gcc.dg/guality/pr54519-3.c   -O2 -flto -fuse-linker-plugin -fno-fat-lto-objects  line 20 y == 25
-FAIL: gcc.dg/guality/pr54519-3.c   -O2 -flto -fuse-linker-plugin -fno-fat-lto-objects  line 20 z == 6
-FAIL: gcc.dg/guality/pr54519-3.c   -O2 -flto -fuse-linker-plugin -fno-fat-lto-objects  line 23 y == 117
-FAIL: gcc.dg/guality/pr54519-3.c   -O2 -flto -fuse-linker-plugin -fno-fat-lto-objects  line 23 z == 8
-FAIL: gcc.dg/guality/pr54519-4.c   -O2 -flto -fno-use-linker-plugin -flto-partition=none  line 17 y == 25
-FAIL: gcc.dg/guality/pr54519-4.c   -O2 -flto -fuse-linker-plugin -fno-fat-lto-objects  line 17 y == 25
-FAIL: gcc.dg/guality/pr54519-5.c   -O2 -flto -fno-use-linker-plugin -flto-partition=none  line 17 y == 25
-FAIL: gcc.dg/guality/pr54519-5.c   -O2 -flto -fuse-linker-plugin -fno-fat-lto-objects  line 17 y == 25
-FAIL: gcc.dg/guality/pr54970.c   -Os  line 15 a[0] == 1
-FAIL: gcc.dg/guality/pr54970.c   -Os  line 20 a[0] == 1
-FAIL: gcc.dg/guality/pr54970.c   -Os  line 25 a[0] == 1
-FAIL: gcc.dg/guality/pr54970.c   -Os  line 31 a[0] == 4
-FAIL: gcc.dg/guality/pr54970.c   -Os  line 36 a[0] == 4
-FAIL: gcc.dg/guality/pr54970.c   -Os  line 45 a[0] == 4
-FAIL: gcc.dg/guality/pr54970.c   -Os  line 45 p[-2] == 4
-FAIL: gcc.dg/guality/pr54970.c   -Os  line 45 q[-1] == 4
-FAIL: gcc.dg/guality/sra-1.c   -O2  line 32 a[0] == 4
-FAIL: gcc.dg/guality/sra-1.c   -O2  line 43 a.i == 4
-FAIL: gcc.dg/guality/sra-1.c   -O3 -fomit-frame-pointer  line 32 a[0] == 4
-FAIL: gcc.dg/guality/sra-1.c   -O3 -fomit-frame-pointer  line 43 a.i == 4
-FAIL: gcc.dg/guality/sra-1.c   -O3 -g  line 32 a[0] == 4
-FAIL: gcc.dg/guality/sra-1.c   -O3 -g  line 43 a.i == 4
-FAIL: gcc.dg/guality/sra-1.c   -Os  line 32 a[0] == 4
-FAIL: gcc.dg/guality/sra-1.c   -Os  line 43 a.i == 4
-FAIL: gcc.dg/guality/sra-1.c   -O2 -flto -fno-use-linker-plugin -flto-partition=none  line 21 a.i == 4
-FAIL: gcc.dg/guality/sra-1.c   -O2 -flto -fno-use-linker-plugin -flto-partition=none  line 43 a.i == 4
-FAIL: gcc.dg/guality/sra-1.c   -O2 -flto -fuse-linker-plugin -fno-fat-lto-objects  line 21 a.i == 4
-FAIL: gcc.dg/guality/vla-1.c   -O1  line 17 sizeof (a) == 6
-FAIL: gcc.dg/guality/vla-1.c   -O2  line 17 sizeof (a) == 6
-FAIL: gcc.dg/guality/vla-1.c   -O3 -fomit-frame-pointer  line 17 sizeof (a) == 6
-FAIL: gcc.dg/guality/vla-1.c   -O3 -g  line 17 sizeof (a) == 6
-FAIL: gcc.dg/guality/vla-1.c   -Os  line 17 sizeof (a) == 6
-FAIL: gcc.dg/guality/vla-1.c   -O2 -flto -fno-use-linker-plugin -flto-partition=none  line 17 sizeof (a) == 6
-FAIL: gcc.dg/guality/vla-1.c   -O2 -flto -fuse-linker-plugin -fno-fat-lto-objects  line 17 sizeof (a) == 6
 Running [...]/hurd/master/gcc/testsuite/gcc.dg/ipa/ipa.exp ...
 Running [...]/hurd/master/gcc/testsuite/gcc.dg/lto/lto.exp ...
 Running [...]/hurd/master/gcc/testsuite/gcc.dg/noncompile/noncompile.exp ...
 Running [...]/hurd/master/gcc/testsuite/gcc.dg/pch/pch.exp ...
+FAIL: largefile.c  -O0 -g -I. -Dwith_PCH (internal compiler error)
+FAIL: largefile.c  -O0 -g -I. -Dwith_PCH (test for excess errors)
+FAIL: gcc.dg/pch/largefile.c  -O0 -g assembly comparison
+FAIL: largefile.c   -O0  -I. -Dwith_PCH (internal compiler error)
+FAIL: largefile.c   -O0  -I. -Dwith_PCH (test for excess errors)
+FAIL: gcc.dg/pch/largefile.c   -O0  assembly comparison
+FAIL: largefile.c   -O1  -I. -Dwith_PCH (internal compiler error)
+FAIL: largefile.c   -O1  -I. -Dwith_PCH (test for excess errors)
+FAIL: gcc.dg/pch/largefile.c   -O1  assembly comparison
+FAIL: largefile.c   -O2  -I. -Dwith_PCH (internal compiler error)
+FAIL: largefile.c   -O2  -I. -Dwith_PCH (test for excess errors)
+FAIL: gcc.dg/pch/largefile.c   -O2  assembly comparison
+FAIL: largefile.c   -O3 -fomit-frame-pointer  -I. -Dwith_PCH (internal compiler error)
+FAIL: largefile.c   -O3 -fomit-frame-pointer  -I. -Dwith_PCH (test for excess errors)
+FAIL: gcc.dg/pch/largefile.c   -O3 -fomit-frame-pointer  assembly comparison
+FAIL: largefile.c   -O3 -g  -I. -Dwith_PCH (internal compiler error)
+FAIL: largefile.c   -O3 -g  -I. -Dwith_PCH (test for excess errors)
+FAIL: gcc.dg/pch/largefile.c   -O3 -g  assembly comparison
+FAIL: largefile.c   -Os  -I. -Dwith_PCH (internal compiler error)
+FAIL: largefile.c   -Os  -I. -Dwith_PCH (test for excess errors)
+FAIL: gcc.dg/pch/largefile.c   -Os  assembly comparison
 Running [...]/hurd/master/gcc/testsuite/gcc.dg/plugin/plugin.exp ...
 Running [...]/hurd/master/gcc/testsuite/gcc.dg/simulate-thread/simulate-thread.exp ...
 Running [...]/hurd/master/gcc/testsuite/gcc.dg/special/mips-abi.exp ...
@@ -496,6 +451,7 @@ Running [...]/hurd/master/gcc/testsuite/gcc.target/frv/frv.exp ...
 Running [...]/hurd/master/gcc/testsuite/gcc.target/h8300/h8300.exp ...
 Running [...]/hurd/master/gcc/testsuite/gcc.target/i386/i386.exp ...
 FAIL: gcc.target/i386/funcspec-5.c (test for excess errors)
+FAIL: gcc.target/i386/mcount_pic.c (test for excess errors)
 FAIL: gcc.target/i386/pr49095.c scan-assembler-not test[lq]
 Running [...]/hurd/master/gcc/testsuite/gcc.target/i386/math-torture/math-torture.exp ...
 Running [...]/hurd/master/gcc/testsuite/gcc.target/i386/stackalign/stackalign.exp ...
@@ -529,11 +485,11 @@ skipping test framework tests, CHECK_TEST_FRAMEWORK is not defined
 
 		=== gcc Summary ===
 
-# of expected passes		114841
-# of unexpected failures	66
-# of unexpected successes	28
-# of expected failures		328
-# of unsupported tests		1709
+# of expected passes		105478
+# of unexpected failures	35
+# of expected failures		260
+# of unresolved testcases	1
+# of unsupported tests		1331
 [...]/hurd/master.build/gcc/xgcc  version 5.0.0 20150119 (experimental) (GCC) 
 
 make: Leaving directory '[...]/hurd/master.build/gcc'
@@ -561,7 +517,7 @@ else \
     touch ${rootme}/testsuite/g++-parallel/finished; \
   fi ; \
 fi )
-Test Run By thomas on Mon Nov  2 07:20:10 2015
+Test Run By thomas on Wed Nov  4 10:51:39 2015
 Native configuration is [ARCH]
 
 		=== g++ tests ===
@@ -583,15 +539,33 @@ Running [...]/hurd/master/gcc/testsuite/g++.dg/debug/debug.exp ...
 Running [...]/hurd/master/gcc/testsuite/g++.dg/debug/dwarf2/dwarf2.exp ...
 Running [...]/hurd/master/gcc/testsuite/g++.dg/dfp/dfp.exp ...
 Running [...]/hurd/master/gcc/testsuite/g++.dg/dg.exp ...
+FAIL: g++.dg/cdce3.C  -std=gnu++98 execution test
+FAIL: g++.dg/cdce3.C  -std=gnu++11 execution test
+FAIL: g++.dg/cdce3.C  -std=gnu++14 execution test
+FAIL: g++.dg/eh/sighandle.C  -std=gnu++98 execution test
+FAIL: g++.dg/eh/sighandle.C  -std=gnu++11 execution test
+FAIL: g++.dg/eh/sighandle.C  -std=gnu++14 execution test
+FAIL: g++.dg/ext/cleanup-10.C  -std=gnu++98 execution test
+FAIL: g++.dg/ext/cleanup-10.C  -std=gnu++11 execution test
+FAIL: g++.dg/ext/cleanup-10.C  -std=gnu++14 execution test
+FAIL: g++.dg/ext/cleanup-11.C  -std=gnu++98 execution test
+FAIL: g++.dg/ext/cleanup-11.C  -std=gnu++11 execution test
+FAIL: g++.dg/ext/cleanup-11.C  -std=gnu++14 execution test
+FAIL: g++.dg/ext/cleanup-8.C  -std=gnu++98 execution test
+FAIL: g++.dg/ext/cleanup-8.C  -std=gnu++11 execution test
+FAIL: g++.dg/ext/cleanup-8.C  -std=gnu++14 execution test
+FAIL: g++.dg/ext/cleanup-9.C  -std=gnu++98 execution test
+FAIL: g++.dg/ext/cleanup-9.C  -std=gnu++11 execution test
+FAIL: g++.dg/ext/cleanup-9.C  -std=gnu++14 execution test
+FAIL: g++.dg/ext/sync-4.C  -std=gnu++98 execution test
+FAIL: g++.dg/ext/sync-4.C  -std=gnu++11 execution test
+FAIL: g++.dg/ext/sync-4.C  -std=gnu++14 execution test
 Running [...]/hurd/master/gcc/testsuite/g++.dg/gcov/gcov.exp ...
 Running [...]/hurd/master/gcc/testsuite/g++.dg/goacc-gomp/goacc-gomp.exp ...
 Running [...]/hurd/master/gcc/testsuite/g++.dg/goacc/goacc.exp ...
 Running [...]/hurd/master/gcc/testsuite/g++.dg/gomp/gomp.exp ...
 Running [...]/hurd/master/gcc/testsuite/g++.dg/graphite/graphite.exp ...
 Running [...]/hurd/master/gcc/testsuite/g++.dg/guality/guality.exp ...
-FAIL: g++.dg/guality/pr55665.C   -O2  line 23 p == 40
-FAIL: g++.dg/guality/pr55665.C   -O3 -fomit-frame-pointer  line 23 p == 40
-FAIL: g++.dg/guality/pr55665.C   -O3 -g  line 23 p == 40
 Running [...]/hurd/master/gcc/testsuite/g++.dg/lto/lto.exp ...
 Running [...]/hurd/master/gcc/testsuite/g++.dg/pch/pch.exp ...
 Running [...]/hurd/master/gcc/testsuite/g++.dg/plugin/plugin.exp ...
@@ -600,6 +574,18 @@ Running [...]/hurd/master/gcc/testsuite/g++.dg/special/ecos.exp ...
 Running [...]/hurd/master/gcc/testsuite/g++.dg/tls/tls.exp ...
 XPASS: g++.dg/tls/thread_local-order2.C  -std=c++11 execution test
 XPASS: g++.dg/tls/thread_local-order2.C  -std=c++14 execution test
+FAIL: g++.dg/tls/thread_local3.C  -std=gnu++11 execution test
+FAIL: g++.dg/tls/thread_local3.C  -std=gnu++14 execution test
+FAIL: g++.dg/tls/thread_local3g.C  -std=gnu++11 execution test
+FAIL: g++.dg/tls/thread_local3g.C  -std=gnu++14 execution test
+FAIL: g++.dg/tls/thread_local4.C  -std=gnu++11 execution test
+FAIL: g++.dg/tls/thread_local4.C  -std=gnu++14 execution test
+FAIL: g++.dg/tls/thread_local4g.C  -std=gnu++11 execution test
+FAIL: g++.dg/tls/thread_local4g.C  -std=gnu++14 execution test
+FAIL: g++.dg/tls/thread_local5.C  -std=gnu++11 execution test
+FAIL: g++.dg/tls/thread_local5.C  -std=gnu++14 execution test
+FAIL: g++.dg/tls/thread_local5g.C  -std=gnu++11 execution test
+FAIL: g++.dg/tls/thread_local5g.C  -std=gnu++14 execution test
 Running [...]/hurd/master/gcc/testsuite/g++.dg/tm/tm.exp ...
 Running [...]/hurd/master/gcc/testsuite/g++.dg/torture/dg-torture.exp ...
 Running [...]/hurd/master/gcc/testsuite/g++.dg/torture/stackalign/stackalign.exp ...
@@ -611,11 +597,11 @@ Running [...]/hurd/master/gcc/testsuite/g++.old-deja/old-deja.exp ...
 
 		=== g++ Summary ===
 
-# of expected passes		90803
-# of unexpected failures	3
+# of expected passes		82525
+# of unexpected failures	33
 # of unexpected successes	2
-# of expected failures		321
-# of unsupported tests		3308
+# of expected failures		265
+# of unsupported tests		3070
 [...]/hurd/master.build/gcc/testsuite/g++/../../xg++  version 5.0.0 20150119 (experimental) (GCC) 
 
 make: Leaving directory '[...]/hurd/master.build/gcc'
@@ -643,7 +629,7 @@ else \
     touch ${rootme}/testsuite/gfortran-parallel/finished; \
   fi ; \
 fi )
-Test Run By thomas on Mon Nov  2 09:28:15 2015
+Test Run By thomas on Wed Nov  4 13:20:51 2015
 Native configuration is [ARCH]
 
 		=== gfortran tests ===
@@ -670,9 +656,9 @@ Running [...]/hurd/master/gcc/testsuite/gfortran.fortran-torture/execute/execute
 
 		=== gfortran Summary ===
 
-# of expected passes		47642
+# of expected passes		47641
 # of expected failures		76
-# of unsupported tests		209
+# of unsupported tests		210
 [...]/hurd/master.build/gcc/testsuite/gfortran/../../gfortran  version 5.0.0 20150119 (experimental) (GCC) 
 
 make: Leaving directory '[...]/hurd/master.build/gcc'
@@ -700,7 +686,7 @@ else \
     touch ${rootme}/testsuite/objc-parallel/finished; \
   fi ; \
 fi )
-Test Run By thomas on Mon Nov  2 10:52:10 2015
+Test Run By thomas on Wed Nov  4 15:38:02 2015
 Native configuration is [ARCH]
 
 		=== objc tests ===
@@ -825,12 +811,10 @@ make: Entering directory '[...]/hurd/master.build/gnattools'
 make: Nothing to be done for 'check'.
 make: Leaving directory '[...]/hurd/master.build/gnattools'
 make: Entering directory '[...]/hurd/master.build/lto-plugin'
-make: Nothing to be done for 'check'.
 make: Leaving directory '[...]/hurd/master.build/lto-plugin'
 make: Entering directory '[...]/hurd/master.build/libcc1'
 make  check-am
 make: Entering directory '[...]/hurd/master.build/libcc1'
-make: Nothing to be done for 'check-am'.
 make: Leaving directory '[...]/hurd/master.build/libcc1'
 make: Leaving directory '[...]/hurd/master.build/libcc1'
 make: Target 'check-host' not remade because of errors.
@@ -920,7 +904,7 @@ if /bin/dash -c "$runtest --version" > /dev/null 2>&1; then \
 else \
   echo "WARNING: could not find \`runtest'" 1>&2; :;\
 fi
-Test Run By thomas on Mon Nov  2 10:55:59 2015
+Test Run By thomas on Wed Nov  4 15:45:32 2015
 Native configuration is [ARCH]
 
 		=== libstdc++ tests ===
@@ -933,9 +917,32 @@ Using /usr/share/dejagnu/baseboards/unix.exp as board description file for targe
 Using /usr/share/dejagnu/config/unix.exp as generic interface file for target.
 Using [...]/hurd/master/libstdc++-v3/testsuite/config/default.exp as tool-and-target-specific interface file.
 Running [...]/hurd/master/libstdc++-v3/testsuite/libstdc++-abi/abi.exp ...
+FAIL: libstdc++-abi/abi_check
 Running [...]/hurd/master/libstdc++-v3/testsuite/libstdc++-dg/conformance.exp ...
 FAIL: 22_locale/numpunct/members/char/3.cc execution test
 FAIL: 22_locale/time_get/get_date/wchar_t/4.cc execution test
+FAIL: 27_io/basic_filebuf/close/char/4879.cc execution test
+FAIL: 27_io/basic_filebuf/close/char/9964.cc execution test
+FAIL: 27_io/basic_filebuf/imbue/char/13171-2.cc execution test
+FAIL: 27_io/basic_filebuf/imbue/wchar_t/14975-2.cc execution test
+WARNING: program timed out.
+FAIL: 27_io/basic_filebuf/open/char/9507.cc execution test
+FAIL: 27_io/basic_filebuf/seekoff/char/26777.cc execution test
+WARNING: program timed out.
+FAIL: 27_io/basic_filebuf/showmanyc/char/9533-1.cc execution test
+FAIL: 27_io/basic_filebuf/underflow/char/10097.cc execution test
+FAIL: 27_io/objects/char/7.cc execution test
+FAIL: 27_io/objects/char/9661-1.cc execution test
+FAIL: 27_io/objects/wchar_t/7.cc execution test
+FAIL: 27_io/objects/wchar_t/9661-1.cc execution test
+WARNING: program timed out.
+FAIL: 30_threads/async/forced_unwind.cc execution test
+WARNING: program timed out.
+FAIL: 30_threads/condition_variable/members/3.cc execution test
+WARNING: program timed out.
+FAIL: 30_threads/packaged_task/forced_unwind.cc execution test
+WARNING: program timed out.
+FAIL: 30_threads/thread/native_handle/cancel.cc execution test
 Running [...]/hurd/master/libstdc++-v3/testsuite/libstdc++-prettyprinters/prettyprinters.exp ...
 FAIL: libstdc++-prettyprinters/48362.cc print t2
 FAIL: libstdc++-prettyprinters/cxx11.cc print tpl
@@ -944,10 +951,10 @@ Running [...]/hurd/master/libstdc++-v3/testsuite/libstdc++-xmethods/xmethods.exp
 
 		=== libstdc++ Summary ===
 
-# of expected passes		10498
-# of unexpected failures	5
+# of expected passes		10451
+# of unexpected failures	22
 # of expected failures		65
-# of unsupported tests		227
+# of unsupported tests		242
 make: Leaving directory '[...]/hurd/master.build/[ARCH]/libstdc++-v3/testsuite'
 make: Leaving directory '[...]/hurd/master.build/[ARCH]/libstdc++-v3/testsuite'
 Making check in python
@@ -1004,184 +1011,6 @@ fi
 make: Leaving directory '[...]/hurd/master.build/[ARCH]/libstdc++-v3'
 make: Leaving directory '[...]/hurd/master.build/[ARCH]/libstdc++-v3'
 make: Leaving directory '[...]/hurd/master.build/[ARCH]/libstdc++-v3'
-make: Entering directory '[...]/hurd/master.build/[ARCH]/libsanitizer'
-Making check in sanitizer_common
-make: Entering directory '[...]/hurd/master.build/[ARCH]/libsanitizer/sanitizer_common'
-make: Nothing to be done for 'check'.
-make: Leaving directory '[...]/hurd/master.build/[ARCH]/libsanitizer/sanitizer_common'
-Making check in interception
-make: Entering directory '[...]/hurd/master.build/[ARCH]/libsanitizer/interception'
-make: Nothing to be done for 'check'.
-make: Leaving directory '[...]/hurd/master.build/[ARCH]/libsanitizer/interception'
-Making check in libbacktrace
-make: Entering directory '[...]/hurd/master.build/[ARCH]/libsanitizer/libbacktrace'
-make: Nothing to be done for 'check'.
-make: Leaving directory '[...]/hurd/master.build/[ARCH]/libsanitizer/libbacktrace'
-Making check in lsan
-make: Entering directory '[...]/hurd/master.build/[ARCH]/libsanitizer/lsan'
-make: Nothing to be done for 'check'.
-make: Leaving directory '[...]/hurd/master.build/[ARCH]/libsanitizer/lsan'
-Making check in asan
-make: Entering directory '[...]/hurd/master.build/[ARCH]/libsanitizer/asan'
-make: Nothing to be done for 'check'.
-make: Leaving directory '[...]/hurd/master.build/[ARCH]/libsanitizer/asan'
-Making check in ubsan
-make: Entering directory '[...]/hurd/master.build/[ARCH]/libsanitizer/ubsan'
-make: Nothing to be done for 'check'.
-make: Leaving directory '[...]/hurd/master.build/[ARCH]/libsanitizer/ubsan'
-make: Entering directory '[...]/hurd/master.build/[ARCH]/libsanitizer'
-make "AR_FLAGS=rc" "CC_FOR_BUILD=gcc-4.9" "CFLAGS=-g -O2" "CXXFLAGS=-g -O2 -D_GNU_SOURCE" "CFLAGS_FOR_BUILD=-g -O2" "CFLAGS_FOR_TARGET=-g -O2" "INSTALL=/usr/bin/install -c" "INSTALL_DATA=/usr/bin/install -c -m 644" "INSTALL_PROGRAM=/usr/bin/install -c" "INSTALL_SCRIPT=/usr/bin/install -c" "JC1FLAGS=" "LDFLAGS=" "LIBCFLAGS=-g -O2" "LIBCFLAGS_FOR_TARGET=-g -O2" "MAKE=make" "MAKEINFO=makeinfo --split-size=5000000 --split-size=5000000  " "PICFLAG=" "PICFLAG_FOR_TARGET=" "SHELL=/bin/dash" "RUNTESTFLAGS=" "exec_prefix=[...]/hurd/master.build.install" "infodir=[...]/hurd/master.build.install/share/info" "libdir=[...]/hurd/master.build.install/lib" "prefix=[...]/hurd/master.build.install" "includedir=[...]/hurd/master.build.install/include" "AR=ar" "AS=[...]/hurd/master.build/./gcc/as" "LD=[...]/hurd/master.build/./gcc/collect-ld" "LIBCFLAGS=-g -O2" "NM=[...]/hurd/master.build/./gcc/nm" "PICFLAG=" "RANLIB=ranlib" "DESTDIR=" DO=all multi-do # make
-make: Entering directory '[...]/hurd/master.build/[ARCH]/libsanitizer'
-if [ -z "" ]; then \
-  true; \
-else \
-  rootpre=`${PWDCMD-pwd}`/; export rootpre; \
-  srcrootpre=`cd ../../../master/libsanitizer; ${PWDCMD-pwd}`/; export srcrootpre; \
-  lib=`echo "${rootpre}" | sed -e 's,^.*/\([^/][^/]*\)/$,\1,'`; \
-  compiler="[...]/hurd/master.build/./gcc/xgcc -B[...]/hurd/master.build/./gcc/ -B[...]/hurd/master.build.install/[ARCH]/bin/ -B[...]/hurd/master.build.install/[ARCH]/lib/ -isystem [...]/hurd/master.build.install/[ARCH]/include -isystem [...]/hurd/master.build.install/[ARCH]/sys-include   "; \
-  for i in `${compiler} --print-multi-lib 2>/dev/null`; do \
-    dir=`echo $i | sed -e 's/;.*$//'`; \
-    if [ "${dir}" = "." ]; then \
-      true; \
-    else \
-      if [ -d ../${dir}/${lib} ]; then \
-	flags=`echo $i | sed -e 's/^[^;]*;//' -e 's/@/ -/g'`; \
-	if (cd ../${dir}/${lib}; make  \
-			CFLAGS="-g -O2 ${flags}" \
-			CCASFLAGS="-g -O2 ${flags}" \
-			FCFLAGS=" ${flags}" \
-			FFLAGS=" ${flags}" \
-			ADAFLAGS=" ${flags}" \
-			prefix="[...]/hurd/master.build.install" \
-			exec_prefix="[...]/hurd/master.build.install" \
-			GCJFLAGS=" ${flags}" \
-			GOCFLAGS="-O2 -g ${flags}" \
-			CXXFLAGS="-g -O2 -D_GNU_SOURCE ${flags}" \
-			LIBCFLAGS="-g -O2 ${flags}" \
-			LIBCXXFLAGS="-g -O2 -D_GNU_SOURCE -fno-implicit-templates ${flags}" \
-			LDFLAGS=" ${flags}" \
-			MULTIFLAGS="${flags}" \
-			DESTDIR="" \
-			INSTALL="/usr/bin/install -c" \
-			INSTALL_DATA="/usr/bin/install -c -m 644" \
-			INSTALL_PROGRAM="/usr/bin/install -c" \
-			INSTALL_SCRIPT="/usr/bin/install -c" \
-			all); then \
-	  true; \
-	else \
-	  exit 1; \
-	fi; \
-      else true; \
-      fi; \
-    fi; \
-  done; \
-fi
-make: Leaving directory '[...]/hurd/master.build/[ARCH]/libsanitizer'
-make: Leaving directory '[...]/hurd/master.build/[ARCH]/libsanitizer'
-make: Leaving directory '[...]/hurd/master.build/[ARCH]/libsanitizer'
-make: Entering directory '[...]/hurd/master.build/[ARCH]/libvtv'
-make  check-recursive
-make: Entering directory '[...]/hurd/master.build/[ARCH]/libvtv'
-make: Entering directory '[...]/hurd/master.build/[ARCH]/libvtv'
-make  DO=all multi-do # make
-make: Entering directory '[...]/hurd/master.build/[ARCH]/libvtv'
-if [ -z "" ]; then \
-  true; \
-else \
-  rootpre=`${PWDCMD-pwd}`/; export rootpre; \
-  srcrootpre=`cd ../../../master/libvtv; ${PWDCMD-pwd}`/; export srcrootpre; \
-  lib=`echo "${rootpre}" | sed -e 's,^.*/\([^/][^/]*\)/$,\1,'`; \
-  compiler="[...]/hurd/master.build/./gcc/xgcc -B[...]/hurd/master.build/./gcc/ -B[...]/hurd/master.build.install/[ARCH]/bin/ -B[...]/hurd/master.build.install/[ARCH]/lib/ -isystem [...]/hurd/master.build.install/[ARCH]/include -isystem [...]/hurd/master.build.install/[ARCH]/sys-include   "; \
-  for i in `${compiler} --print-multi-lib 2>/dev/null`; do \
-    dir=`echo $i | sed -e 's/;.*$//'`; \
-    if [ "${dir}" = "." ]; then \
-      true; \
-    else \
-      if [ -d ../${dir}/${lib} ]; then \
-	flags=`echo $i | sed -e 's/^[^;]*;//' -e 's/@/ -/g'`; \
-	if (cd ../${dir}/${lib}; make  \
-			CFLAGS="-g -O2 ${flags}" \
-			CCASFLAGS="-g -O2 ${flags}" \
-			FCFLAGS=" ${flags}" \
-			FFLAGS=" ${flags}" \
-			ADAFLAGS=" ${flags}" \
-			prefix="[...]/hurd/master.build.install" \
-			exec_prefix="[...]/hurd/master.build.install" \
-			GCJFLAGS=" ${flags}" \
-			GOCFLAGS="-O2 -g ${flags}" \
-			CXXFLAGS="-g -O2 -D_GNU_SOURCE ${flags}" \
-			LIBCFLAGS="-g -O2 ${flags}" \
-			LIBCXXFLAGS="-g -O2 -D_GNU_SOURCE -fno-implicit-templates ${flags}" \
-			LDFLAGS=" ${flags}" \
-			MULTIFLAGS="${flags}" \
-			DESTDIR="" \
-			INSTALL="/usr/bin/install -c" \
-			INSTALL_DATA="/usr/bin/install -c -m 644" \
-			INSTALL_PROGRAM="/usr/bin/install -c" \
-			INSTALL_SCRIPT="/usr/bin/install -c" \
-			all); then \
-	  true; \
-	else \
-	  exit 1; \
-	fi; \
-      else true; \
-      fi; \
-    fi; \
-  done; \
-fi
-make: Leaving directory '[...]/hurd/master.build/[ARCH]/libvtv'
-make: Leaving directory '[...]/hurd/master.build/[ARCH]/libvtv'
-make: Leaving directory '[...]/hurd/master.build/[ARCH]/libvtv'
-make: Leaving directory '[...]/hurd/master.build/[ARCH]/libvtv'
-make: Entering directory '[...]/hurd/master.build/[ARCH]/libcilkrts'
-make "AR_FLAGS=rc" "CC_FOR_BUILD=gcc-4.9" "CFLAGS=-g -O2" "CXXFLAGS=-g -O2 -D_GNU_SOURCE" "CFLAGS_FOR_BUILD=-g -O2" "CFLAGS_FOR_TARGET=-g -O2" "INSTALL=/usr/bin/install -c" "INSTALL_DATA=/usr/bin/install -c -m 644" "INSTALL_PROGRAM=/usr/bin/install -c" "INSTALL_SCRIPT=/usr/bin/install -c" "JC1FLAGS=" "LDFLAGS=" "LIBCFLAGS=-g -O2" "LIBCFLAGS_FOR_TARGET=-g -O2" "MAKE=make" "MAKEINFO=makeinfo --split-size=5000000 --split-size=5000000 " "PICFLAG=" "PICFLAG_FOR_TARGET=" "SHELL=/bin/dash" "RUNTESTFLAGS=" "exec_prefix=[...]/hurd/master.build.install" "infodir=[...]/hurd/master.build.install/share/info" "libdir=[...]/hurd/master.build.install/lib" "prefix=[...]/hurd/master.build.install" "includedir=[...]/hurd/master.build.install/include" "AR=ar" "AS=[...]/hurd/master.build/./gcc/as" "LD=[...]/hurd/master.build/./gcc/collect-ld" "LIBCFLAGS=-g -O2" "NM=[...]/hurd/master.build/./gcc/nm" "PICFLAG=" "RANLIB=ranlib" "DESTDIR=" DO=all multi-do # make
-make: Entering directory '[...]/hurd/master.build/[ARCH]/libcilkrts'
-if [ -z "" ]; then \
-  true; \
-else \
-  rootpre=`${PWDCMD-pwd}`/; export rootpre; \
-  srcrootpre=`cd ../../../master/libcilkrts; ${PWDCMD-pwd}`/; export srcrootpre; \
-  lib=`echo "${rootpre}" | sed -e 's,^.*/\([^/][^/]*\)/$,\1,'`; \
-  compiler="[...]/hurd/master.build/./gcc/xgcc -B[...]/hurd/master.build/./gcc/ -B[...]/hurd/master.build.install/[ARCH]/bin/ -B[...]/hurd/master.build.install/[ARCH]/lib/ -isystem [...]/hurd/master.build.install/[ARCH]/include -isystem [...]/hurd/master.build.install/[ARCH]/sys-include   "; \
-  for i in `${compiler} --print-multi-lib 2>/dev/null`; do \
-    dir=`echo $i | sed -e 's/;.*$//'`; \
-    if [ "${dir}" = "." ]; then \
-      true; \
-    else \
-      if [ -d ../${dir}/${lib} ]; then \
-	flags=`echo $i | sed -e 's/^[^;]*;//' -e 's/@/ -/g'`; \
-	if (cd ../${dir}/${lib}; make  \
-			CFLAGS="-g -O2 ${flags}" \
-			CCASFLAGS=" ${flags}" \
-			FCFLAGS=" ${flags}" \
-			FFLAGS=" ${flags}" \
-			ADAFLAGS=" ${flags}" \
-			prefix="[...]/hurd/master.build.install" \
-			exec_prefix="[...]/hurd/master.build.install" \
-			GCJFLAGS=" ${flags}" \
-			GOCFLAGS="-O2 -g ${flags}" \
-			CXXFLAGS="-g -O2 -D_GNU_SOURCE ${flags}" \
-			LIBCFLAGS="-g -O2 ${flags}" \
-			LIBCXXFLAGS="-g -O2 -D_GNU_SOURCE -fno-implicit-templates ${flags}" \
-			LDFLAGS=" ${flags}" \
-			MULTIFLAGS="${flags}" \
-			DESTDIR="" \
-			INSTALL="/usr/bin/install -c" \
-			INSTALL_DATA="/usr/bin/install -c -m 644" \
-			INSTALL_PROGRAM="/usr/bin/install -c" \
-			INSTALL_SCRIPT="/usr/bin/install -c" \
-			all); then \
-	  true; \
-	else \
-	  exit 1; \
-	fi; \
-      else true; \
-      fi; \
-    fi; \
-  done; \
-fi
-make: Leaving directory '[...]/hurd/master.build/[ARCH]/libcilkrts'
-make: Leaving directory '[...]/hurd/master.build/[ARCH]/libcilkrts'
 make: Entering directory '[...]/hurd/master.build/[ARCH]/libssp'
 make "AR_FLAGS=rc" "CC_FOR_BUILD=gcc-4.9" "CFLAGS=-g -O2" "CXXFLAGS=-g -O2 -D_GNU_SOURCE" "CFLAGS_FOR_BUILD=-g -O2" "CFLAGS_FOR_TARGET=-g -O2" "INSTALL=/usr/bin/install -c" "INSTALL_DATA=/usr/bin/install -c -m 644" "INSTALL_PROGRAM=/usr/bin/install -c" "INSTALL_SCRIPT=/usr/bin/install -c" "JC1FLAGS=" "LDFLAGS=" "LIBCFLAGS=-g -O2" "LIBCFLAGS_FOR_TARGET=-g -O2" "MAKE=make" "MAKEINFO=makeinfo --split-size=5000000 --split-size=5000000 " "PICFLAG=" "PICFLAG_FOR_TARGET=" "SHELL=/bin/dash" "RUNTESTFLAGS=" "exec_prefix=[...]/hurd/master.build.install" "infodir=[...]/hurd/master.build.install/share/info" "libdir=[...]/hurd/master.build.install/lib" "prefix=[...]/hurd/master.build.install" "includedir=[...]/hurd/master.build.install/include" "AR=ar" "AS=[...]/hurd/master.build/./gcc/as" "CC=[...]/hurd/master.build/./gcc/xgcc -B[...]/hurd/master.build/./gcc/ -B[...]/hurd/master.build.install/[ARCH]/bin/ -B[...]/hurd/master.build.install/[ARCH]/lib/ -isystem [...]/hurd/master.build.install/[ARCH]/include -isystem [...]/hurd/master.build.install/[ARCH]/sys-include   " "CXX=[...]/hurd/master.build/./gcc/xg++ -B[...]/hurd/master.build/./gcc/ -nostdinc++ -nostdinc++ -I[...]/hurd/master.build/[ARCH]/libstdc++-v3/include/[ARCH] -I[...]/hurd/master.build/[ARCH]/libstdc++-v3/include -I[...]/hurd/master/libstdc++-v3/libsupc++ -I[...]/hurd/master/libstdc++-v3/include/backward -I[...]/hurd/master/libstdc++-v3/testsuite/util -L[...]/hurd/master.build/[ARCH]/libstdc++-v3/src -L[...]/hurd/master.build/[ARCH]/libstdc++-v3/src/.libs -L[...]/hurd/master.build/[ARCH]/libstdc++-v3/libsupc++/.libs -B[...]/hurd/master.build/[ARCH]/libstdc++-v3/src/.libs -B[...]/hurd/master.build/[ARCH]/libstdc++-v3/libsupc++/.libs -B[...]/hurd/master.build.install/[ARCH]/bin/ -B[...]/hurd/master.build.install/[ARCH]/lib/ -isystem [...]/hurd/master.build.install/[ARCH]/include -isystem [...]/hurd/master.build.install/[ARCH]/sys-include   " "LD=[...]/hurd/master.build/./gcc/collect-ld" "LIBCFLAGS=-g -O2" "NM=[...]/hurd/master.build/./gcc/nm" "PICFLAG=" "RANLIB=ranlib" "DESTDIR=" DO=all multi-do # make
 make: Entering directory '[...]/hurd/master.build/[ARCH]/libssp'
@@ -1357,7 +1186,7 @@ if /bin/dash -c "$runtest --version" > /dev/null 2>&1; then \
 else echo "WARNING: could not find \`runtest'" 1>&2; :;\
 fi; \
 exit $exit_status
-Test Run By thomas on Mon Nov  2 13:28:46 2015
+Test Run By thomas on Wed Nov  4 19:39:49 2015
 Native configuration is [ARCH]
 
 		=== libffi tests ===
@@ -1440,11 +1269,9 @@ true  DO=all multi-do # make
 make: Leaving directory '[...]/hurd/master.build/[ARCH]/libjava/libltdl'
 Making check in gcj
 make: Entering directory '[...]/hurd/master.build/[ARCH]/libjava/gcj'
-make: Nothing to be done for 'check'.
 make: Leaving directory '[...]/hurd/master.build/[ARCH]/libjava/gcj'
 Making check in include
 make: Entering directory '[...]/hurd/master.build/[ARCH]/libjava/include'
-make: Nothing to be done for 'check'.
 make: Leaving directory '[...]/hurd/master.build/[ARCH]/libjava/include'
 Making check in classpath
 make: Entering directory '[...]/hurd/master.build/[ARCH]/libjava/classpath'
@@ -1492,7 +1319,6 @@ make: Leaving directory '[...]/hurd/master.build/[ARCH]/libjava/classpath/extern
 make: Leaving directory '[...]/hurd/master.build/[ARCH]/libjava/classpath/external'
 Making check in include
 make: Entering directory '[...]/hurd/master.build/[ARCH]/libjava/classpath/include'
-make: Nothing to be done for 'check'.
 make: Leaving directory '[...]/hurd/master.build/[ARCH]/libjava/classpath/include'
 Making check in native
 make: Entering directory '[...]/hurd/master.build/[ARCH]/libjava/classpath/native'
@@ -1506,10 +1332,6 @@ Making check in classpath
 make: Entering directory '[...]/hurd/master.build/[ARCH]/libjava/classpath/native/jni/classpath'
 make: Nothing to be done for 'check'.
 make: Leaving directory '[...]/hurd/master.build/[ARCH]/libjava/classpath/native/jni/classpath'
-Making check in midi-alsa
-make: Entering directory '[...]/hurd/master.build/[ARCH]/libjava/classpath/native/jni/midi-alsa'
-make: Nothing to be done for 'check'.
-make: Leaving directory '[...]/hurd/master.build/[ARCH]/libjava/classpath/native/jni/midi-alsa'
 Making check in java-math
 make: Entering directory '[...]/hurd/master.build/[ARCH]/libjava/classpath/native/jni/java-math'
 make: Nothing to be done for 'check'.
@@ -1557,7 +1379,7 @@ if /bin/dash -c "$runtest --version" > /dev/null 2>&1; then \
 else echo "WARNING: could not find \`runtest'" 1>&2; :;\
 fi; \
 exit $exit_status
-Test Run By thomas on Mon Nov  2 13:33:19 2015
+Test Run By thomas on Wed Nov  4 19:49:22 2015
 Native configuration is [ARCH]
 
 		=== libjava tests ===
@@ -1578,6 +1400,10 @@ LD_LIBRARY_PATH=. [...]/hurd/master.build/[ARCH]/./libjava/gij -cp [...]/hurd/ma
 LD_LIBRARY_PATH=. [...]/hurd/master.build/[ARCH]/./libjava/gij -cp [...]/hurd/master/libjava/testsuite/libjava.jvmti/interp/getstacktrace.jar -agentlib:dummyagent getstacktrace
 Running [...]/hurd/master/libjava/testsuite/libjava.jvmti/jvmti.exp ...
 Running [...]/hurd/master/libjava/testsuite/libjava.lang/lang.exp ...
+FAIL: Throw_2 execution - source compiled test
+FAIL: Throw_2 -findirect-dispatch execution - source compiled test
+FAIL: Throw_2 -O3 execution - source compiled test
+FAIL: Throw_2 -O3 -findirect-dispatch execution - source compiled test
 Running [...]/hurd/master/libjava/testsuite/libjava.loader/loader.exp ...
 Running [...]/hurd/master/libjava/testsuite/libjava.mauve/mauve.exp ...
 Running [...]/hurd/master/libjava/testsuite/libjava.special/special.exp ...
@@ -1585,9 +1411,16 @@ Running [...]/hurd/master/libjava/testsuite/libjava.verify/verify.exp ...
 
 		=== libjava Summary ===
 
-# of expected passes		2582
+# of expected passes		2574
+# of unexpected failures	4
 # of expected failures		4
+# of untested testcases		4
+Makefile:387: recipe for target 'check-DEJAGNU' failed
+make: *** [check-DEJAGNU] Error 1
 make: Leaving directory '[...]/hurd/master.build/[ARCH]/libjava/testsuite'
+Makefile:405: recipe for target 'check-am' failed
+make: *** [check-am] Error 2
+make: Target 'check' not remade because of errors.
 make: Leaving directory '[...]/hurd/master.build/[ARCH]/libjava/testsuite'
 make: Entering directory '[...]/hurd/master.build/[ARCH]/libjava'
 : make ; exec make "AR_FLAGS=rc" "CC_FOR_BUILD=gcc-4.9" "CFLAGS=-g -O2" "CXXFLAGS=-g -O2 -D_GNU_SOURCE" "CPPFLAGS=" "CFLAGS_FOR_BUILD=-g -O2" "CFLAGS_FOR_TARGET=-g -O2" "INSTALL=/usr/bin/install -c" "INSTALL_DATA=/usr/bin/install -c -m 644" "INSTALL_PROGRAM=/usr/bin/install -c" "INSTALL_SCRIPT=/usr/bin/install -c" "GCJFLAGS=-g -O2" "LDFLAGS=" "LIBCFLAGS=-g -O2" "LIBCFLAGS_FOR_TARGET=-g -O2" "MAKE=make" "MAKEINFO=makeinfo --split-size=5000000 --split-size=5000000  " "PICFLAG=" "PICFLAG_FOR_TARGET=" "SHELL=/bin/dash" "RUNTESTFLAGS=" "exec_prefix=[...]/hurd/master.build.install" "datadir=[...]/hurd/master.build.install/share" "infodir=[...]/hurd/master.build.install/share/info" "libdir=[...]/hurd/master.build.install/lib" "mandir=[...]/hurd/master.build.install/share/man" "prefix=[...]/hurd/master.build.install" "gxx_include_dir=[...]/hurd/master.build.install/include/c++/5.0.0" "AR=ar" "AS=[...]/hurd/master.build/./gcc/as" "DLLTOOL=dlltool" "LD=[...]/hurd/master.build/./gcc/collect-ld" "LIBCFLAGS=-g -O2" "NM=[...]/hurd/master.build/./gcc/nm" "PICFLAG=" "RANLIB=ranlib" "DESTDIR=" "JAR=jar" DO=all multi-do
@@ -1638,14 +1471,18 @@ else \
 fi
 make: Leaving directory '[...]/hurd/master.build/[ARCH]/libjava'
 make: Leaving directory '[...]/hurd/master.build/[ARCH]/libjava'
+Makefile:10240: recipe for target 'check-recursive' failed
+make: *** [check-recursive] Error 1
+make: Target 'check' not remade because of errors.
 make: Leaving directory '[...]/hurd/master.build/[ARCH]/libjava'
+Makefile:18313: recipe for target 'check-target-libjava' failed
+make: *** [check-target-libjava] Error 2
 make: Entering directory '[...]/hurd/master.build/[ARCH]/zlib'
 make: Nothing to be done for 'check'.
 make: Leaving directory '[...]/hurd/master.build/[ARCH]/zlib'
 make: Entering directory '[...]/hurd/master.build/[ARCH]/boehm-gc'
 Making check in include
 make: Entering directory '[...]/hurd/master.build/[ARCH]/boehm-gc/include'
-make: Nothing to be done for 'check'.
 make: Leaving directory '[...]/hurd/master.build/[ARCH]/boehm-gc/include'
 Making check in testsuite
 make: Entering directory '[...]/hurd/master.build/[ARCH]/boehm-gc/testsuite'
@@ -1663,7 +1500,7 @@ if /bin/dash -c "$runtest --version" > /dev/null 2>&1; then \
 else echo "WARNING: could not find \`runtest'" 1>&2; :;\
 fi; \
 exit $exit_status
-Test Run By thomas on Mon Nov  2 13:42:30 2015
+Test Run By thomas on Wed Nov  4 20:13:44 2015
 Native configuration is [ARCH]
 
 		=== boehm-gc tests ===
@@ -1754,7 +1591,7 @@ if /bin/dash -c "$runtest --version" > /dev/null 2>&1; then \
 else echo "WARNING: could not find \`runtest'" 1>&2; :;\
 fi; \
 exit $exit_status
-Test Run By thomas on Mon Nov  2 13:42:39 2015
+Test Run By thomas on Wed Nov  4 20:14:20 2015
 Native configuration is [ARCH]
 
 		=== libgomp tests ===
@@ -1767,8 +1604,23 @@ Using /usr/share/dejagnu/baseboards/unix.exp as board description file for targe
 Using /usr/share/dejagnu/config/unix.exp as generic interface file for target.
 Using [...]/hurd/master/libgomp/testsuite/config/default.exp as tool-and-target-specific interface file.
 Running [...]/hurd/master/libgomp/testsuite/libgomp.c/c.exp ...
+FAIL: libgomp.c/lib-1.c execution test
 Running [...]/hurd/master/libgomp/testsuite/libgomp.c++/c++.exp ...
 Running [...]/hurd/master/libgomp/testsuite/libgomp.fortran/fortran.exp ...
+FAIL: libgomp.fortran/lib1.f90   -O1  execution test
+FAIL: libgomp.fortran/lib1.f90   -O3 -fomit-frame-pointer -funroll-loops  execution test
+FAIL: libgomp.fortran/lib1.f90   -O3 -fomit-frame-pointer -funroll-all-loops -finline-functions  execution test
+FAIL: libgomp.fortran/lib1.f90   -Os  execution test
+FAIL: libgomp.fortran/lib2.f   -O1  execution test
+FAIL: libgomp.fortran/lib2.f   -O2  execution test
+FAIL: libgomp.fortran/lib2.f   -O3 -fomit-frame-pointer  execution test
+FAIL: libgomp.fortran/lib2.f   -O3 -fomit-frame-pointer -funroll-loops  execution test
+FAIL: libgomp.fortran/lib2.f   -O3 -fomit-frame-pointer -funroll-all-loops -finline-functions  execution test
+FAIL: libgomp.fortran/lib2.f   -O3 -g  execution test
+FAIL: libgomp.fortran/lib3.f   -O1  execution test
+FAIL: libgomp.fortran/lib3.f   -O2  execution test
+FAIL: libgomp.fortran/lib3.f   -O3 -fomit-frame-pointer  execution test
+FAIL: libgomp.fortran/lib3.f   -Os  execution test
 Running [...]/hurd/master/libgomp/testsuite/libgomp.graphite/graphite.exp ...
 Running [...]/hurd/master/libgomp/testsuite/libgomp.oacc-c/c.exp ...
 Running [...]/hurd/master/libgomp/testsuite/libgomp.oacc-c++/c++.exp ...
@@ -1776,9 +1628,15 @@ Running [...]/hurd/master/libgomp/testsuite/libgomp.oacc-fortran/fortran.exp ...
 
 		=== libgomp Summary ===
 
-# of expected passes		5771
+# of expected passes		5756
+# of unexpected failures	15
 # of unsupported tests		253
+Makefile:277: recipe for target 'check-DEJAGNU' failed
+make: *** [check-DEJAGNU] Error 1
 make: Leaving directory '[...]/hurd/master.build/[ARCH]/libgomp/testsuite'
+Makefile:314: recipe for target 'check-am' failed
+make: *** [check-am] Error 2
+make: Target 'check' not remade because of errors.
 make: Leaving directory '[...]/hurd/master.build/[ARCH]/libgomp/testsuite'
 make: Entering directory '[...]/hurd/master.build/[ARCH]/libgomp'
 make  DO=all multi-do # make
@@ -1830,7 +1688,12 @@ fi
 make: Leaving directory '[...]/hurd/master.build/[ARCH]/libgomp'
 :
 make: Leaving directory '[...]/hurd/master.build/[ARCH]/libgomp'
+Makefile:857: recipe for target 'check-recursive' failed
+make: *** [check-recursive] Error 1
+make: Target 'check' not remade because of errors.
 make: Leaving directory '[...]/hurd/master.build/[ARCH]/libgomp'
+Makefile:20549: recipe for target 'check-target-libgomp' failed
+make: *** [check-target-libgomp] Error 2
 make: Entering directory '[...]/hurd/master.build/[ARCH]/libitm'
 Making check in testsuite
 make: Entering directory '[...]/hurd/master.build/[ARCH]/libitm/testsuite'
@@ -1848,7 +1711,7 @@ if /bin/dash -c "$runtest --version" > /dev/null 2>&1; then \
 else echo "WARNING: could not find \`runtest'" 1>&2; :;\
 fi; \
 exit $exit_status
-Test Run By thomas on Mon Nov  2 14:03:50 2015
+Test Run By thomas on Wed Nov  4 20:45:53 2015
 Native configuration is [ARCH]
 
 		=== libitm tests ===
@@ -1937,7 +1800,7 @@ if /bin/dash -c "$runtest --version" > /dev/null 2>&1; then \
 else echo "WARNING: could not find \`runtest'" 1>&2; :;\
 fi; \
 exit $exit_status
-Test Run By thomas on Mon Nov  2 14:03:56 2015
+Test Run By thomas on Wed Nov  4 20:46:02 2015
 Native configuration is [ARCH]
 
 		=== libatomic tests ===
@@ -2007,7 +1870,8 @@ fi
 make: Leaving directory '[...]/hurd/master.build/[ARCH]/libatomic'
 make: Leaving directory '[...]/hurd/master.build/[ARCH]/libatomic'
 make: Leaving directory '[...]/hurd/master.build/[ARCH]/libatomic'
+make: Target 'check-target' not remade because of errors.
 make: Leaving directory '[...]/hurd/master.build'
-Makefile:2245: recipe for target 'do-check' failed
+Makefile:2240: recipe for target 'do-check' failed
 make: *** [do-check] Error 2
 make: Target 'check' not remade because of errors.
